<?xml version="1.0" encoding="UTF-8"?>
<!-- Generated by org.testng.reporters.JUnitXMLReporter -->
<testsuite ignored="0" hostname="kavya" failures="0" tests="4" name="Test" time="0.072" errors="0" timestamp="2022-08-28T11:59:05 IST">
  <testcase classname="scripts.Testcase3" name="tc4" time="0.014"/>
  <testcase classname="scripts.Testcase2" name="tc3" time="0.001"/>
  <testcase classname="scripts.Testcase1" name="tc2" time="0.002"/>
  <testcase classname="scripts.Testcase0" name="tc1" time="0.002"/>
</testsuite> <!-- Test -->
