<?xml version="1.0" encoding="UTF-8"?>
<testng-results ignored="0" total="4" passed="4" failed="0" skipped="0">
  <reporter-output>
    <line>
      <![CDATA[hello maven project]]>
    </line>
    <line>
      <![CDATA[hello python]]>
    </line>
    <line>
      <![CDATA[hello selenium]]>
    </line>
    <line>
      <![CDATA[hello java]]>
    </line>
  </reporter-output>
  <suite started-at="2022-08-28T11:59:04 IST" name="Suite" finished-at="2022-08-28T11:59:04 IST" duration-ms="72">
    <groups>
    </groups>
    <test started-at="2022-08-28T11:59:04 IST" name="Test" finished-at="2022-08-28T11:59:04 IST" duration-ms="72">
      <class name="scripts.Testcase3">
        <test-method signature="tc4()[pri:0, instance:scripts.Testcase3@69997e9d]" started-at="2022-08-28T11:59:04 IST" name="tc4" finished-at="2022-08-28T11:59:04 IST" duration-ms="14" status="PASS">
          <reporter-output>
            <line>
              <![CDATA[hello maven project]]>
            </line>
          </reporter-output>
        </test-method> <!-- tc4 -->
      </class> <!-- scripts.Testcase3 -->
      <class name="scripts.Testcase2">
        <test-method signature="tc3()[pri:0, instance:scripts.Testcase2@759d26fb]" started-at="2022-08-28T11:59:04 IST" name="tc3" finished-at="2022-08-28T11:59:04 IST" duration-ms="1" status="PASS">
          <reporter-output>
            <line>
              <![CDATA[hello python]]>
            </line>
          </reporter-output>
        </test-method> <!-- tc3 -->
      </class> <!-- scripts.Testcase2 -->
      <class name="scripts.Testcase1">
        <test-method signature="tc2()[pri:0, instance:scripts.Testcase1@3c73951]" started-at="2022-08-28T11:59:04 IST" name="tc2" finished-at="2022-08-28T11:59:04 IST" duration-ms="2" status="PASS">
          <reporter-output>
            <line>
              <![CDATA[hello selenium]]>
            </line>
          </reporter-output>
        </test-method> <!-- tc2 -->
      </class> <!-- scripts.Testcase1 -->
      <class name="scripts.Testcase0">
        <test-method signature="tc1()[pri:0, instance:scripts.Testcase0@3d5c822d]" started-at="2022-08-28T11:59:04 IST" name="tc1" finished-at="2022-08-28T11:59:04 IST" duration-ms="2" status="PASS">
          <reporter-output>
            <line>
              <![CDATA[hello java]]>
            </line>
          </reporter-output>
        </test-method> <!-- tc1 -->
      </class> <!-- scripts.Testcase0 -->
    </test> <!-- Test -->
  </suite> <!-- Suite -->
</testng-results>
